<?xml version="1.0" encoding="UTF-8"?>
<!-- Generated by org.testng.reporters.JUnitXMLReporter -->
<testsuite hostname="PCDEFRAPC0MAB1H" ignored="0" name="Test" tests="3" failures="1" timestamp="2020-11-22T09:28:17 MEZ" time="36.434" errors="0">
  <testcase name="addDuplicateQuote" time="2.547" classname="ebot.automation.AddDuplicateQuoteTest"/>
  <testcase name="addGideonQuotes" time="15.472" classname="ebot.automation.AddGideonQuotesTest"/>
  <testcase name="AddMoreThanTenQuotesTest" time="5.517" classname="ebot.automation.AddMoreThan10QuotesTest">
    <failure type="java.lang.AssertionError" message="Checking if more than 10 quotes can be added to an author expected [true] but found [false]">
      <![CDATA[java.lang.AssertionError: Checking if more than 10 quotes can be added to an author expected [true] but found [false]
at ebot.automation.AddMoreThan10QuotesTest.AddMoreThanTenQuotesTest(AddMoreThan10QuotesTest.java:48)
at java.util.ArrayList.forEach(Unknown Source)
... Removed 30 stack frames]]>
    </failure>
  </testcase> <!-- AddMoreThanTenQuotesTest -->
</testsuite> <!-- Test -->
